  [1m[35m (0.2ms)[0m  [1m[35mDROP TABLE IF EXISTS "api_keys"[0m
  [1m[35m (0.7ms)[0m  [1m[35mCREATE TABLE "api_keys" ("id" integer PRIMARY KEY AUTOINCREMENT NOT NULL, "bearer_id" integer NOT NULL, "bearer_type" varchar NOT NULL, "token" varchar NOT NULL, "created_at" datetime(6) NOT NULL, "updated_at" datetime(6) NOT NULL)[0m
  [1m[35m (0.1ms)[0m  [1m[35mCREATE INDEX "index_api_keys_on_bearer_id_and_bearer_type" ON "api_keys" ("bearer_id", "bearer_type")[0m
  [1m[35m (0.0ms)[0m  [1m[35mCREATE UNIQUE INDEX "index_api_keys_on_token" ON "api_keys" ("token")[0m
  [1m[35m (0.0ms)[0m  [1m[35mDROP TABLE IF EXISTS "devices"[0m
  [1m[35m (0.1ms)[0m  [1m[35mCREATE TABLE "devices" ("id" integer PRIMARY KEY AUTOINCREMENT NOT NULL, "serial_number" varchar, "created_at" datetime(6) NOT NULL, "updated_at" datetime(6) NOT NULL)[0m
  [1m[35m (0.0ms)[0m  [1m[35mDROP TABLE IF EXISTS "users"[0m
  [1m[35m (0.1ms)[0m  [1m[35mCREATE TABLE "users" ("id" integer PRIMARY KEY AUTOINCREMENT NOT NULL, "email" varchar, "password_digest" varchar NOT NULL, "created_at" datetime(6) NOT NULL, "updated_at" datetime(6) NOT NULL)[0m
  [1m[35m (0.1ms)[0m  [1m[35mCREATE UNIQUE INDEX "index_users_on_email" ON "users" ("email")[0m
  [1m[35m (0.1ms)[0m  [1m[35mCREATE TABLE "schema_migrations" ("version" varchar NOT NULL PRIMARY KEY)[0m
  [1m[36mActiveRecord::SchemaMigration Load (0.0ms)[0m  [1m[34mSELECT "schema_migrations"."version" FROM "schema_migrations" ORDER BY "schema_migrations"."version" ASC[0m
  [1m[35m (0.0ms)[0m  [1m[32mINSERT INTO "schema_migrations" (version) VALUES (20240731151913)[0m
  [1m[35m (0.0ms)[0m  [1m[32mINSERT INTO "schema_migrations" (version) VALUES
(20240731145448),
(20240731145352);[0m
  [1m[35m (0.1ms)[0m  [1m[35mCREATE TABLE "ar_internal_metadata" ("key" varchar NOT NULL PRIMARY KEY, "value" varchar, "created_at" datetime(6) NOT NULL, "updated_at" datetime(6) NOT NULL)[0m
  [1m[36mActiveRecord::InternalMetadata Load (0.0ms)[0m  [1m[34mSELECT * FROM "ar_internal_metadata" WHERE "ar_internal_metadata"."key" = ? ORDER BY "ar_internal_metadata"."key" ASC LIMIT 1[0m  [[nil, "environment"]]
  [1m[36mActiveRecord::InternalMetadata Create (0.1ms)[0m  [1m[32mINSERT INTO "ar_internal_metadata" ("key", "value", "created_at", "updated_at") VALUES ('environment', 'development', '2024-08-09 11:09:16.237716', '2024-08-09 11:09:16.237718') RETURNING "key"[0m
  [1m[36mActiveRecord::InternalMetadata Load (0.0ms)[0m  [1m[34mSELECT * FROM "ar_internal_metadata" WHERE "ar_internal_metadata"."key" = ? ORDER BY "ar_internal_metadata"."key" ASC LIMIT 1[0m  [[nil, "environment"]]
  [1m[36mActiveRecord::InternalMetadata Update (0.0ms)[0m  [1m[33mUPDATE "ar_internal_metadata" SET "value" = 'test', "updated_at" = '2024-08-09 11:09:16.238616' WHERE "ar_internal_metadata"."key" = 'environment'[0m
  [1m[36mActiveRecord::InternalMetadata Load (0.0ms)[0m  [1m[34mSELECT * FROM "ar_internal_metadata" WHERE "ar_internal_metadata"."key" = ? ORDER BY "ar_internal_metadata"."key" ASC LIMIT 1[0m  [[nil, "schema_sha1"]]
  [1m[36mActiveRecord::InternalMetadata Create (0.0ms)[0m  [1m[32mINSERT INTO "ar_internal_metadata" ("key", "value", "created_at", "updated_at") VALUES ('schema_sha1', '997066c033c0883d2e942dc612d04a0b3a632252', '2024-08-09 11:09:16.239143', '2024-08-09 11:09:16.239144') RETURNING "key"[0m
  [1m[35m (3.1ms)[0m  [1m[35mCREATE TABLE "schema_migrations" ("version" varchar NOT NULL PRIMARY KEY)[0m
  [1m[35m (0.1ms)[0m  [1m[35mCREATE TABLE "ar_internal_metadata" ("key" varchar NOT NULL PRIMARY KEY, "value" varchar, "created_at" datetime(6) NOT NULL, "updated_at" datetime(6) NOT NULL)[0m
  [1m[36mActiveRecord::InternalMetadata Load (0.2ms)[0m  [1m[34mSELECT * FROM "ar_internal_metadata" WHERE "ar_internal_metadata"."key" = ? ORDER BY "ar_internal_metadata"."key" ASC LIMIT 1[0m  [[nil, "environment"]]
  [1m[36mActiveRecord::InternalMetadata Create (0.1ms)[0m  [1m[32mINSERT INTO "ar_internal_metadata" ("key", "value", "created_at", "updated_at") VALUES ('environment', 'development', '2024-10-09 16:35:01.243614', '2024-10-09 16:35:01.243618') RETURNING "key"[0m
  [1m[36mActiveRecord::SchemaMigration Load (0.1ms)[0m  [1m[34mSELECT "schema_migrations"."version" FROM "schema_migrations" ORDER BY "schema_migrations"."version" ASC[0m
Migrating to CreateUsers (20240731145352)
  [1m[36mTRANSACTION (0.0ms)[0m  [1m[36mbegin transaction[0m
  [1m[35m (0.7ms)[0m  [1m[35mCREATE TABLE "users" ("id" integer PRIMARY KEY AUTOINCREMENT NOT NULL, "email" varchar, "password_digest" varchar NOT NULL, "created_at" datetime(6) NOT NULL, "updated_at" datetime(6) NOT NULL)[0m
  [1m[35m (0.1ms)[0m  [1m[35mCREATE UNIQUE INDEX "index_users_on_email" ON "users" ("email")[0m
  [1m[36mActiveRecord::SchemaMigration Create (0.1ms)[0m  [1m[32mINSERT INTO "schema_migrations" ("version") VALUES ('20240731145352') RETURNING "version"[0m
  [1m[36mTRANSACTION (0.1ms)[0m  [1m[36mcommit transaction[0m
Migrating to CreateDevices (20240731145448)
  [1m[36mTRANSACTION (0.0ms)[0m  [1m[36mbegin transaction[0m
  [1m[35m (0.6ms)[0m  [1m[35mCREATE TABLE "devices" ("id" integer PRIMARY KEY AUTOINCREMENT NOT NULL, "serial_number" varchar, "created_at" datetime(6) NOT NULL, "updated_at" datetime(6) NOT NULL)[0m
  [1m[36mActiveRecord::SchemaMigration Create (0.1ms)[0m  [1m[32mINSERT INTO "schema_migrations" ("version") VALUES ('20240731145448') RETURNING "version"[0m
  [1m[36mTRANSACTION (0.1ms)[0m  [1m[36mcommit transaction[0m
Migrating to CreateApiKeys (20240731151913)
  [1m[36mTRANSACTION (0.0ms)[0m  [1m[36mbegin transaction[0m
  [1m[35m (0.8ms)[0m  [1m[35mCREATE TABLE "api_keys" ("id" integer PRIMARY KEY AUTOINCREMENT NOT NULL, "bearer_id" integer NOT NULL, "bearer_type" varchar NOT NULL, "token" varchar NOT NULL, "created_at" datetime(6) NOT NULL, "updated_at" datetime(6) NOT NULL)[0m
  [1m[35m (0.1ms)[0m  [1m[35mCREATE INDEX "index_api_keys_on_bearer_id_and_bearer_type" ON "api_keys" ("bearer_id", "bearer_type")[0m
  [1m[35m (0.1ms)[0m  [1m[35mCREATE UNIQUE INDEX "index_api_keys_on_token" ON "api_keys" ("token")[0m
  [1m[36mActiveRecord::SchemaMigration Create (0.1ms)[0m  [1m[32mINSERT INTO "schema_migrations" ("version") VALUES ('20240731151913') RETURNING "version"[0m
  [1m[36mTRANSACTION (0.1ms)[0m  [1m[36mcommit transaction[0m
  [1m[36mActiveRecord::SchemaMigration Load (0.0ms)[0m  [1m[34mSELECT "schema_migrations"."version" FROM "schema_migrations" ORDER BY "schema_migrations"."version" ASC[0m
Started GET "/" for 127.0.0.1 at 2024-10-09 18:35:16 +0200
  [1m[36mActiveRecord::SchemaMigration Load (0.1ms)[0m  [1m[34mSELECT "schema_migrations"."version" FROM "schema_migrations" ORDER BY "schema_migrations"."version" ASC[0m
Processing by Rails::WelcomeController#index as HTML
  Rendering C:/Ruby32-x64/lib/ruby/gems/3.2.0/gems/railties-7.1.3.4/lib/rails/templates/rails/welcome/index.html.erb
  Rendered C:/Ruby32-x64/lib/ruby/gems/3.2.0/gems/railties-7.1.3.4/lib/rails/templates/rails/welcome/index.html.erb (Duration: 0.8ms | Allocations: 374)
Completed 200 OK in 65ms (Views: 17.0ms | ActiveRecord: 0.0ms | Allocations: 8802)


Started GET "/" for 127.0.0.1 at 2024-10-09 18:41:26 +0200
  [1m[36mActiveRecord::SchemaMigration Load (0.1ms)[0m  [1m[34mSELECT "schema_migrations"."version" FROM "schema_migrations" ORDER BY "schema_migrations"."version" ASC[0m
Processing by Rails::WelcomeController#index as HTML
  Rendering C:/Ruby32-x64/lib/ruby/gems/3.2.0/gems/railties-7.1.3.4/lib/rails/templates/rails/welcome/index.html.erb
  Rendered C:/Ruby32-x64/lib/ruby/gems/3.2.0/gems/railties-7.1.3.4/lib/rails/templates/rails/welcome/index.html.erb (Duration: 0.8ms | Allocations: 374)
Completed 200 OK in 34ms (Views: 17.8ms | ActiveRecord: 0.0ms | Allocations: 4822)


Started GET "/api/devices" for ::1 at 2024-10-09 18:41:39 +0200
Processing by DevicesController#index as HTML
  [1m[36mApiKey Load (0.2ms)[0m  [1m[34mSELECT "api_keys".* FROM "api_keys" WHERE "api_keys"."token" IS NULL LIMIT ?[0m  [["LIMIT", 1]]
  ↳ app/controllers/application_controller.rb:3:in `authenticate_user!'
Filter chain halted as :authenticate_user! rendered or redirected
Completed 401 Unauthorized in 73ms (ActiveRecord: 3.3ms | Allocations: 15529)


Started GET "/api/devices" for ::1 at 2024-10-09 18:41:41 +0200
Processing by DevicesController#index as HTML
  [1m[36mApiKey Load (0.1ms)[0m  [1m[34mSELECT "api_keys".* FROM "api_keys" WHERE "api_keys"."token" IS NULL LIMIT ?[0m  [["LIMIT", 1]]
  ↳ app/controllers/application_controller.rb:3:in `authenticate_user!'
Filter chain halted as :authenticate_user! rendered or redirected
Completed 401 Unauthorized in 1ms (ActiveRecord: 0.1ms | Allocations: 548)


Started GET "/api/devices" for ::1 at 2024-10-09 18:41:41 +0200
Processing by DevicesController#index as HTML
  [1m[36mApiKey Load (0.1ms)[0m  [1m[34mSELECT "api_keys".* FROM "api_keys" WHERE "api_keys"."token" IS NULL LIMIT ?[0m  [["LIMIT", 1]]
  ↳ app/controllers/application_controller.rb:3:in `authenticate_user!'
Filter chain halted as :authenticate_user! rendered or redirected
Completed 401 Unauthorized in 1ms (ActiveRecord: 0.1ms | Allocations: 547)


Started GET "/devices/index" for ::1 at 2024-10-09 18:41:50 +0200
  
ActionController::RoutingError (No route matches [GET] "/devices/index"):
  
Started GET "/favicon.ico" for ::1 at 2024-10-09 18:41:50 +0200
  
ActionController::RoutingError (No route matches [GET] "/favicon.ico"):
  
Started GET "/devices" for ::1 at 2024-10-09 18:41:53 +0200
  
ActionController::RoutingError (No route matches [GET] "/devices"):
  
Started GET "/" for 127.0.0.1 at 2024-10-09 18:42:37 +0200
Processing by Rails::WelcomeController#index as HTML
  Rendering C:/Ruby32-x64/lib/ruby/gems/3.2.0/gems/railties-7.1.3.4/lib/rails/templates/rails/welcome/index.html.erb
  Rendered C:/Ruby32-x64/lib/ruby/gems/3.2.0/gems/railties-7.1.3.4/lib/rails/templates/rails/welcome/index.html.erb (Duration: 0.1ms | Allocations: 13)
Completed 200 OK in 1ms (Views: 0.6ms | ActiveRecord: 0.0ms | Allocations: 194)


Started GET "/api/devices" for 127.0.0.1 at 2024-10-09 18:42:42 +0200
Processing by DevicesController#index as HTML
  [1m[36mApiKey Load (0.1ms)[0m  [1m[34mSELECT "api_keys".* FROM "api_keys" WHERE "api_keys"."token" IS NULL LIMIT ?[0m  [["LIMIT", 1]]
  ↳ app/controllers/application_controller.rb:3:in `authenticate_user!'
Filter chain halted as :authenticate_user! rendered or redirected
Completed 401 Unauthorized in 3ms (ActiveRecord: 0.1ms | Allocations: 533)


Started GET "/api/devices/index" for 127.0.0.1 at 2024-10-09 18:42:46 +0200
  
ActionController::RoutingError (No route matches [GET] "/api/devices/index"):
  
Started GET "/api/devices" for 127.0.0.1 at 2024-10-09 18:43:07 +0200
Processing by DevicesController#index as HTML
  [1m[36mApiKey Load (0.1ms)[0m  [1m[34mSELECT "api_keys".* FROM "api_keys" WHERE "api_keys"."token" IS NULL LIMIT ?[0m  [["LIMIT", 1]]
  ↳ app/controllers/application_controller.rb:3:in `authenticate_user!'
Filter chain halted as :authenticate_user! rendered or redirected
Completed 401 Unauthorized in 1ms (ActiveRecord: 0.1ms | Allocations: 544)


Started GET "/api/assign" for 127.0.0.1 at 2024-10-09 18:43:20 +0200
  
ActionController::RoutingError (No route matches [GET] "/api/assign"):
  
Started GET "/api/devices" for 127.0.0.1 at 2024-10-09 18:43:22 +0200
Processing by DevicesController#index as HTML
  [1m[36mApiKey Load (0.1ms)[0m  [1m[34mSELECT "api_keys".* FROM "api_keys" WHERE "api_keys"."token" IS NULL LIMIT ?[0m  [["LIMIT", 1]]
  ↳ app/controllers/application_controller.rb:3:in `authenticate_user!'
Filter chain halted as :authenticate_user! rendered or redirected
Completed 401 Unauthorized in 2ms (ActiveRecord: 0.1ms | Allocations: 533)


Started GET "/api/devices" for 127.0.0.1 at 2024-10-09 18:44:46 +0200
Processing by DevicesController#index as HTML
  [1m[36mApiKey Load (0.0ms)[0m  [1m[34mSELECT "api_keys".* FROM "api_keys" WHERE "api_keys"."token" IS NULL LIMIT ?[0m  [["LIMIT", 1]]
  ↳ app/controllers/application_controller.rb:3:in `authenticate_user!'
Filter chain halted as :authenticate_user! rendered or redirected
Completed 401 Unauthorized in 7ms (ActiveRecord: 2.8ms | Allocations: 2285)


Started GET "/api/devices" for 127.0.0.1 at 2024-10-09 18:44:47 +0200
Processing by DevicesController#index as HTML
  [1m[36mApiKey Load (0.1ms)[0m  [1m[34mSELECT "api_keys".* FROM "api_keys" WHERE "api_keys"."token" IS NULL LIMIT ?[0m  [["LIMIT", 1]]
  ↳ app/controllers/application_controller.rb:3:in `authenticate_user!'
Filter chain halted as :authenticate_user! rendered or redirected
Completed 401 Unauthorized in 2ms (ActiveRecord: 0.1ms | Allocations: 533)


Started GET "/" for 127.0.0.1 at 2024-10-09 18:44:49 +0200
Processing by Rails::WelcomeController#index as HTML
  Rendering C:/Ruby32-x64/lib/ruby/gems/3.2.0/gems/railties-7.1.3.4/lib/rails/templates/rails/welcome/index.html.erb
  Rendered C:/Ruby32-x64/lib/ruby/gems/3.2.0/gems/railties-7.1.3.4/lib/rails/templates/rails/welcome/index.html.erb (Duration: 0.8ms | Allocations: 261)
Completed 200 OK in 3ms (Views: 1.9ms | ActiveRecord: 0.0ms | Allocations: 853)


Started GET "/api/devices" for 127.0.0.1 at 2024-10-09 18:44:53 +0200
Processing by DevicesController#index as HTML
  [1m[36mApiKey Load (0.1ms)[0m  [1m[34mSELECT "api_keys".* FROM "api_keys" WHERE "api_keys"."token" IS NULL LIMIT ?[0m  [["LIMIT", 1]]
  ↳ app/controllers/application_controller.rb:3:in `authenticate_user!'
Filter chain halted as :authenticate_user! rendered or redirected
Completed 401 Unauthorized in 1ms (ActiveRecord: 0.1ms | Allocations: 537)


Started GET "/api" for 127.0.0.1 at 2024-10-09 18:44:56 +0200
  
ActionController::RoutingError (No route matches [GET] "/api"):
  
Started GET "/api/devices/index" for 127.0.0.1 at 2024-10-09 18:45:05 +0200
  
ActionController::RoutingError (No route matches [GET] "/api/devices/index"):
  
Started GET "/" for 127.0.0.1 at 2024-10-09 18:53:42 +0200
  [1m[36mActiveRecord::SchemaMigration Load (0.1ms)[0m  [1m[34mSELECT "schema_migrations"."version" FROM "schema_migrations" ORDER BY "schema_migrations"."version" ASC[0m
Processing by Rails::WelcomeController#index as HTML
  Rendering C:/Ruby32-x64/lib/ruby/gems/3.2.0/gems/railties-7.1.3.4/lib/rails/templates/rails/welcome/index.html.erb
  Rendered C:/Ruby32-x64/lib/ruby/gems/3.2.0/gems/railties-7.1.3.4/lib/rails/templates/rails/welcome/index.html.erb (Duration: 0.7ms | Allocations: 374)
Completed 200 OK in 24ms (Views: 7.3ms | ActiveRecord: 0.0ms | Allocations: 4822)


Started GET "/" for 127.0.0.1 at 2024-10-09 19:00:02 +0200
  
ActionController::RoutingError (uninitialized constant HomeController):
  
Started GET "/" for 127.0.0.1 at 2024-10-09 19:01:04 +0200
Processing by HomeController#index as HTML
Completed 204 No Content in 0ms (ActiveRecord: 0.0ms | Allocations: 94)


Started GET "/" for 127.0.0.1 at 2024-10-09 19:01:05 +0200
Processing by HomeController#index as HTML
Completed 204 No Content in 0ms (ActiveRecord: 0.0ms | Allocations: 18)


Started GET "/" for 127.0.0.1 at 2024-10-09 19:02:56 +0200
  
ArgumentError (Missing :controller key on routes definition, please check your routes.):
  
config/routes.rb:3:in `block in <main>'
config/routes.rb:1:in `<main>'
Started GET "/" for 127.0.0.1 at 2024-10-09 19:02:58 +0200
  
ActionController::RoutingError (No route matches [GET] "/"):
  
Started GET "/" for 127.0.0.1 at 2024-10-09 19:02:59 +0200
  
ActionController::RoutingError (No route matches [GET] "/"):
  
Started GET "/" for 127.0.0.1 at 2024-10-09 19:03:43 +0200
Processing by Rails::WelcomeController#index as HTML
  Rendering C:/Ruby32-x64/lib/ruby/gems/3.2.0/gems/railties-7.1.3.4/lib/rails/templates/rails/welcome/index.html.erb
  Rendered C:/Ruby32-x64/lib/ruby/gems/3.2.0/gems/railties-7.1.3.4/lib/rails/templates/rails/welcome/index.html.erb (Duration: 0.6ms | Allocations: 261)
Completed 200 OK in 3ms (Views: 1.7ms | ActiveRecord: 0.0ms | Allocations: 858)


Started GET "/" for 127.0.0.1 at 2024-10-09 19:03:44 +0200
Processing by Rails::WelcomeController#index as HTML
  Rendering C:/Ruby32-x64/lib/ruby/gems/3.2.0/gems/railties-7.1.3.4/lib/rails/templates/rails/welcome/index.html.erb
  Rendered C:/Ruby32-x64/lib/ruby/gems/3.2.0/gems/railties-7.1.3.4/lib/rails/templates/rails/welcome/index.html.erb (Duration: 0.0ms | Allocations: 13)
Completed 200 OK in 1ms (Views: 0.9ms | ActiveRecord: 0.0ms | Allocations: 193)


Started GET "/" for 127.0.0.1 at 2024-10-09 19:03:51 +0200
  
ArgumentError (:to must respond to `action` or `call`, or it must be a String that includes '#'):
  
config/routes.rb:3:in `block in <main>'
config/routes.rb:1:in `<main>'
Started GET "/" for 127.0.0.1 at 2024-10-09 19:03:59 +0200
Processing by HomeController#index as HTML
Completed 204 No Content in 0ms (ActiveRecord: 0.0ms | Allocations: 60)


Started GET "/" for 127.0.0.1 at 2024-10-09 19:04:11 +0200
Processing by Rails::WelcomeController#index as HTML
  Rendering C:/Ruby32-x64/lib/ruby/gems/3.2.0/gems/railties-7.1.3.4/lib/rails/templates/rails/welcome/index.html.erb
  Rendered C:/Ruby32-x64/lib/ruby/gems/3.2.0/gems/railties-7.1.3.4/lib/rails/templates/rails/welcome/index.html.erb (Duration: 0.7ms | Allocations: 261)
Completed 200 OK in 3ms (Views: 1.6ms | ActiveRecord: 0.0ms | Allocations: 851)


Started GET "/" for 127.0.0.1 at 2024-10-09 19:04:51 +0200
Processing by HomeController#index as HTML
Completed 204 No Content in 0ms (ActiveRecord: 0.0ms | Allocations: 60)


Started GET "/" for 127.0.0.1 at 2024-10-09 19:04:53 +0200
Processing by HomeController#index as HTML
Completed 204 No Content in 0ms (ActiveRecord: 0.0ms | Allocations: 17)


Started GET "/" for 127.0.0.1 at 2024-10-09 19:05:14 +0200
  [1m[36mActiveRecord::SchemaMigration Load (0.1ms)[0m  [1m[34mSELECT "schema_migrations"."version" FROM "schema_migrations" ORDER BY "schema_migrations"."version" ASC[0m
Processing by HomeController#index as HTML
Completed 204 No Content in 10ms (ActiveRecord: 0.0ms | Allocations: 2500)


Started GET "/" for 127.0.0.1 at 2024-10-09 19:05:16 +0200
Processing by HomeController#index as HTML
Completed 204 No Content in 0ms (ActiveRecord: 0.0ms | Allocations: 19)


Started GET "/" for 127.0.0.1 at 2024-10-09 19:05:27 +0200
Processing by HomeController#index as HTML
Completed 204 No Content in 0ms (ActiveRecord: 0.0ms | Allocations: 61)


Started GET "/" for 127.0.0.1 at 2024-10-09 19:05:31 +0200
Processing by Rails::WelcomeController#index as HTML
  Rendering C:/Ruby32-x64/lib/ruby/gems/3.2.0/gems/railties-7.1.3.4/lib/rails/templates/rails/welcome/index.html.erb
  Rendered C:/Ruby32-x64/lib/ruby/gems/3.2.0/gems/railties-7.1.3.4/lib/rails/templates/rails/welcome/index.html.erb (Duration: 1.0ms | Allocations: 373)
Completed 200 OK in 25ms (Views: 7.9ms | ActiveRecord: 0.0ms | Allocations: 4783)


Started GET "/" for 127.0.0.1 at 2024-10-09 19:06:08 +0200
Processing by Rails::WelcomeController#index as HTML
  Rendering C:/Ruby32-x64/lib/ruby/gems/3.2.0/gems/railties-7.1.3.4/lib/rails/templates/rails/welcome/index.html.erb
  Rendered C:/Ruby32-x64/lib/ruby/gems/3.2.0/gems/railties-7.1.3.4/lib/rails/templates/rails/welcome/index.html.erb (Duration: 0.7ms | Allocations: 261)
Completed 200 OK in 3ms (Views: 1.7ms | ActiveRecord: 0.0ms | Allocations: 856)


Started GET "/home/index" for 127.0.0.1 at 2024-10-09 19:06:10 +0200
Processing by HomeController#index as HTML
Completed 204 No Content in 0ms (ActiveRecord: 0.0ms | Allocations: 60)


Started GET "/test" for 127.0.0.1 at 2024-10-09 19:06:14 +0200
  
ActionController::RoutingError (No route matches [GET] "/test"):
  
Started GET "/home/index" for 127.0.0.1 at 2024-10-09 19:06:56 +0200
Processing by HomeController#index as HTML
Completed 204 No Content in 0ms (ActiveRecord: 0.0ms | Allocations: 17)


Started GET "/" for 127.0.0.1 at 2024-10-09 19:07:01 +0200
Processing by Rails::WelcomeController#index as HTML
  Rendering C:/Ruby32-x64/lib/ruby/gems/3.2.0/gems/railties-7.1.3.4/lib/rails/templates/rails/welcome/index.html.erb
  Rendered C:/Ruby32-x64/lib/ruby/gems/3.2.0/gems/railties-7.1.3.4/lib/rails/templates/rails/welcome/index.html.erb (Duration: 0.0ms | Allocations: 13)
Completed 200 OK in 1ms (Views: 0.6ms | ActiveRecord: 0.0ms | Allocations: 190)


Started GET "/home" for 127.0.0.1 at 2024-10-09 19:07:05 +0200
  
ActionController::RoutingError (No route matches [GET] "/home"):
  
Started GET "/favicon.ico" for 127.0.0.1 at 2024-10-09 19:07:06 +0200
  
ActionController::RoutingError (No route matches [GET] "/favicon.ico"):
  
Started GET "/home/index" for 127.0.0.1 at 2024-10-09 19:07:09 +0200
Processing by HomeController#index as HTML
Completed 204 No Content in 0ms (ActiveRecord: 0.0ms | Allocations: 17)


Started GET "/home/" for 127.0.0.1 at 2024-10-09 19:07:12 +0200
  
ActionController::RoutingError (No route matches [GET] "/home"):
  
Started GET "/home/index" for 127.0.0.1 at 2024-10-09 19:07:18 +0200
Processing by HomeController#index as HTML
Completed 204 No Content in 0ms (ActiveRecord: 0.0ms | Allocations: 17)


Started GET "/home/" for 127.0.0.1 at 2024-10-09 19:08:01 +0200
  
ActionController::RoutingError (No route matches [GET] "/home"):
  
Started GET "/" for 127.0.0.1 at 2024-10-09 19:08:04 +0200
Processing by HomeController#index as HTML
Completed 204 No Content in 0ms (ActiveRecord: 0.0ms | Allocations: 60)


Started GET "/" for 127.0.0.1 at 2024-10-09 19:08:14 +0200
Processing by HomeController#index as HTML
Completed 204 No Content in 0ms (ActiveRecord: 0.0ms | Allocations: 17)


Started GET "/" for 127.0.0.1 at 2024-10-09 19:08:18 +0200
Processing by HomeController#index as HTML
Completed 204 No Content in 0ms (ActiveRecord: 0.0ms | Allocations: 17)


Started GET "/home/" for 127.0.0.1 at 2024-10-09 19:08:35 +0200
  
ActionController::RoutingError (No route matches [GET] "/home"):
  
Started GET "/" for 127.0.0.1 at 2024-10-09 19:08:38 +0200
Processing by Rails::WelcomeController#index as HTML
  Rendering C:/Ruby32-x64/lib/ruby/gems/3.2.0/gems/railties-7.1.3.4/lib/rails/templates/rails/welcome/index.html.erb
  Rendered C:/Ruby32-x64/lib/ruby/gems/3.2.0/gems/railties-7.1.3.4/lib/rails/templates/rails/welcome/index.html.erb (Duration: 0.6ms | Allocations: 261)
Completed 200 OK in 3ms (Views: 1.7ms | ActiveRecord: 0.0ms | Allocations: 818)


Started GET "/" for 127.0.0.1 at 2024-10-09 19:12:55 +0200
  [1m[36mActiveRecord::SchemaMigration Load (0.1ms)[0m  [1m[34mSELECT "schema_migrations"."version" FROM "schema_migrations" ORDER BY "schema_migrations"."version" ASC[0m
Processing by Rails::WelcomeController#index as HTML
  Rendering C:/Ruby32-x64/lib/ruby/gems/3.2.0/gems/railties-7.1.3.4/lib/rails/templates/rails/welcome/index.html.erb
  Rendered C:/Ruby32-x64/lib/ruby/gems/3.2.0/gems/railties-7.1.3.4/lib/rails/templates/rails/welcome/index.html.erb (Duration: 0.7ms | Allocations: 374)
Completed 200 OK in 22ms (Views: 6.8ms | ActiveRecord: 0.0ms | Allocations: 4822)


Started GET "/" for 127.0.0.1 at 2024-10-09 19:15:07 +0200
Processing by HomeController#index as HTML
Completed 204 No Content in 0ms (ActiveRecord: 0.0ms | Allocations: 96)


Started GET "/" for 127.0.0.1 at 2024-10-09 19:16:05 +0200
Processing by HomeController#index as HTML
Completed 200 OK in 0ms (Views: 0.1ms | ActiveRecord: 0.0ms | Allocations: 137)


Started GET "/" for 127.0.0.1 at 2024-10-09 19:16:41 +0200
Processing by HomeController#index as HTML
Completed 200 OK in 0ms (Views: 0.1ms | ActiveRecord: 0.0ms | Allocations: 33)


Started GET "/favicon.ico" for 127.0.0.1 at 2024-10-09 19:16:41 +0200
  
ActionController::RoutingError (No route matches [GET] "/favicon.ico"):
  
Started GET "/" for 127.0.0.1 at 2024-10-09 19:17:43 +0200
Processing by HomeController#index as HTML
Completed 200 OK in 0ms (Views: 0.1ms | ActiveRecord: 0.0ms | Allocations: 101)


Started GET "/" for 127.0.0.1 at 2024-10-09 19:17:45 +0200
Processing by HomeController#index as HTML
Completed 200 OK in 0ms (Views: 0.1ms | ActiveRecord: 0.0ms | Allocations: 33)


Started GET "/" for 127.0.0.1 at 2024-10-09 19:18:06 +0200
Processing by HomeController#index as HTML
Completed 200 OK in 0ms (Views: 0.1ms | ActiveRecord: 0.0ms | Allocations: 102)


Started GET "/" for 127.0.0.1 at 2024-10-09 19:18:36 +0200
Processing by HomeController#index as HTML
Completed 200 OK in 0ms (Views: 0.1ms | ActiveRecord: 0.0ms | Allocations: 102)


Started GET "/" for 127.0.0.1 at 2024-10-09 19:18:37 +0200
Processing by HomeController#index as HTML
Completed 200 OK in 0ms (Views: 0.1ms | ActiveRecord: 0.0ms | Allocations: 33)


Started GET "/" for 127.0.0.1 at 2024-10-09 19:18:46 +0200
Processing by Rails::WelcomeController#index as HTML
  Rendering C:/Ruby32-x64/lib/ruby/gems/3.2.0/gems/railties-7.1.3.4/lib/rails/templates/rails/welcome/index.html.erb
  Rendered C:/Ruby32-x64/lib/ruby/gems/3.2.0/gems/railties-7.1.3.4/lib/rails/templates/rails/welcome/index.html.erb (Duration: 0.6ms | Allocations: 261)
Completed 200 OK in 3ms (Views: 1.6ms | ActiveRecord: 0.0ms | Allocations: 856)


Started GET "/" for 127.0.0.1 at 2024-10-09 19:18:56 +0200
Processing by Rails::WelcomeController#index as HTML
  Rendering C:/Ruby32-x64/lib/ruby/gems/3.2.0/gems/railties-7.1.3.4/lib/rails/templates/rails/welcome/index.html.erb
  Rendered C:/Ruby32-x64/lib/ruby/gems/3.2.0/gems/railties-7.1.3.4/lib/rails/templates/rails/welcome/index.html.erb (Duration: 0.6ms | Allocations: 263)
Completed 200 OK in 3ms (Views: 1.8ms | ActiveRecord: 0.0ms | Allocations: 859)


Started GET "/home/index" for 127.0.0.1 at 2024-10-09 19:19:00 +0200
Processing by HomeController#index as HTML
Completed 200 OK in 0ms (Views: 0.1ms | ActiveRecord: 0.0ms | Allocations: 101)


Started GET "/" for 127.0.0.1 at 2024-10-09 19:21:43 +0200
  [1m[36mActiveRecord::SchemaMigration Load (0.2ms)[0m  [1m[34mSELECT "schema_migrations"."version" FROM "schema_migrations" ORDER BY "schema_migrations"."version" ASC[0m
Processing by Rails::WelcomeController#index as HTML
  Rendering C:/Ruby32-x64/lib/ruby/gems/3.2.0/gems/railties-7.1.3.4/lib/rails/templates/rails/welcome/index.html.erb
  Rendered C:/Ruby32-x64/lib/ruby/gems/3.2.0/gems/railties-7.1.3.4/lib/rails/templates/rails/welcome/index.html.erb (Duration: 0.8ms | Allocations: 374)
Completed 200 OK in 72ms (Views: 18.0ms | ActiveRecord: 0.0ms | Allocations: 8802)


Started GET "/" for 127.0.0.1 at 2024-10-09 19:27:39 +0200
  [1m[36mActiveRecord::SchemaMigration Load (0.1ms)[0m  [1m[34mSELECT "schema_migrations"."version" FROM "schema_migrations" ORDER BY "schema_migrations"."version" ASC[0m
Processing by HomeController#index as HTML
Completed 204 No Content in 31ms (ActiveRecord: 0.0ms | Allocations: 2501)


Started GET "/" for 127.0.0.1 at 2024-10-09 19:29:14 +0200
Processing by HomeController#index as HTML
Completed 200 OK in 0ms (Views: 0.1ms | ActiveRecord: 0.0ms | Allocations: 174)


Started GET "/" for 127.0.0.1 at 2024-10-09 19:29:18 +0200
Processing by HomeController#index as HTML
Completed 200 OK in 0ms (Views: 0.1ms | ActiveRecord: 0.0ms | Allocations: 34)


Started GET "/" for 127.0.0.1 at 2024-10-09 19:34:37 +0200
  [1m[36mActiveRecord::SchemaMigration Load (0.1ms)[0m  [1m[34mSELECT "schema_migrations"."version" FROM "schema_migrations" ORDER BY "schema_migrations"."version" ASC[0m
Processing by HomeController#index as HTML
Completed 200 OK in 10ms (Views: 0.1ms | ActiveRecord: 0.0ms | Allocations: 2616)


Started GET "/" for 127.0.0.1 at 2024-10-09 19:34:39 +0200
Processing by HomeController#index as HTML
Completed 200 OK in 0ms (Views: 0.1ms | ActiveRecord: 0.0ms | Allocations: 36)


Started GET "/" for 127.0.0.1 at 2024-10-09 19:34:51 +0200
Processing by HomeController#index as HTML
Completed 204 No Content in 0ms (ActiveRecord: 0.0ms | Allocations: 73)


Started GET "/" for 127.0.0.1 at 2024-10-09 19:35:29 +0200
Processing by HomeController#index as HTML
Completed 204 No Content in 0ms (ActiveRecord: 0.0ms | Allocations: 61)


Started GET "/" for 127.0.0.1 at 2024-10-09 19:35:31 +0200
Processing by HomeController#index as HTML
Completed 204 No Content in 0ms (ActiveRecord: 0.0ms | Allocations: 18)


Started GET "/" for 127.0.0.1 at 2024-10-09 19:36:09 +0200
Processing by HomeController#index as HTML
Completed 200 OK in 0ms (Views: 0.1ms | ActiveRecord: 0.0ms | Allocations: 102)


Started GET "/" for 127.0.0.1 at 2024-10-09 19:36:59 +0200
Processing by Rails::WelcomeController#index as HTML
  Rendering C:/Ruby32-x64/lib/ruby/gems/3.2.0/gems/railties-7.1.3.4/lib/rails/templates/rails/welcome/index.html.erb
  Rendered C:/Ruby32-x64/lib/ruby/gems/3.2.0/gems/railties-7.1.3.4/lib/rails/templates/rails/welcome/index.html.erb (Duration: 0.8ms | Allocations: 372)
Completed 200 OK in 85ms (Views: 20.2ms | ActiveRecord: 0.0ms | Allocations: 4745)


Started GET "/" for 127.0.0.1 at 2024-10-09 19:38:38 +0200
  [1m[36mActiveRecord::SchemaMigration Load (0.1ms)[0m  [1m[34mSELECT "schema_migrations"."version" FROM "schema_migrations" ORDER BY "schema_migrations"."version" ASC[0m
Processing by Rails::WelcomeController#index as HTML
  Rendering C:/Ruby32-x64/lib/ruby/gems/3.2.0/gems/railties-7.1.3.4/lib/rails/templates/rails/welcome/index.html.erb
  Rendered C:/Ruby32-x64/lib/ruby/gems/3.2.0/gems/railties-7.1.3.4/lib/rails/templates/rails/welcome/index.html.erb (Duration: 0.7ms | Allocations: 374)
Completed 200 OK in 23ms (Views: 7.3ms | ActiveRecord: 0.0ms | Allocations: 4822)


Started GET "/" for 127.0.0.1 at 2024-10-09 19:41:18 +0200
Processing by HomeController#index as HTML
Completed 200 OK in 0ms (Views: 0.1ms | ActiveRecord: 0.0ms | Allocations: 165)


Started GET "/" for 127.0.0.1 at 2024-10-09 19:41:29 +0200
Processing by HomeController#index as HTML
Completed 200 OK in 0ms (Views: 0.1ms | ActiveRecord: 0.0ms | Allocations: 105)


Started GET "/" for 127.0.0.1 at 2024-10-09 19:41:30 +0200
Processing by HomeController#index as HTML
Completed 200 OK in 0ms (Views: 0.1ms | ActiveRecord: 0.0ms | Allocations: 37)


Started GET "/" for 127.0.0.1 at 2024-10-09 19:44:16 +0200
Processing by HomeController#index as HTML
Completed 200 OK in 0ms (Views: 0.1ms | ActiveRecord: 0.0ms | Allocations: 105)


Started GET "/" for 127.0.0.1 at 2024-10-09 19:44:17 +0200
Processing by HomeController#index as HTML
Completed 200 OK in 0ms (Views: 0.1ms | ActiveRecord: 0.0ms | Allocations: 36)


Started GET "/" for 127.0.0.1 at 2024-10-09 19:44:41 +0200
Processing by HomeController#index as HTML
Completed 200 OK in 0ms (Views: 0.1ms | ActiveRecord: 0.0ms | Allocations: 101)


Started GET "/" for 127.0.0.1 at 2024-10-09 19:45:24 +0200
Processing by HomeController#index as HTML
Completed 204 No Content in 0ms (ActiveRecord: 0.0ms | Allocations: 71)


Started GET "/" for 127.0.0.1 at 2024-10-09 19:45:25 +0200
Processing by HomeController#index as HTML
Completed 204 No Content in 0ms (ActiveRecord: 0.0ms | Allocations: 17)


Started GET "/" for 127.0.0.1 at 2024-10-09 19:47:18 +0200
Processing by HomeController#index as HTML
Completed 204 No Content in 0ms (ActiveRecord: 0.0ms | Allocations: 60)


Started GET "/" for 127.0.0.1 at 2024-10-09 19:47:19 +0200
Processing by HomeController#index as HTML
Completed 204 No Content in 0ms (ActiveRecord: 0.0ms | Allocations: 17)


Started GET "/" for 127.0.0.1 at 2024-10-09 19:49:55 +0200
Processing by HomeController#index as HTML
  Rendering layout layouts/application.html.erb
  Rendering home/index.html.erb within layouts/application
  Rendered home/index.html.erb within layouts/application (Duration: 0.6ms | Allocations: 110)
  Rendered layout layouts/application.html.erb (Duration: 6.2ms | Allocations: 1861)
Completed 500 Internal Server Error in 33ms (ActiveRecord: 0.0ms | Allocations: 3765)


  
ActionView::Template::Error (undefined method `javascript_pack_tag' for #<ActionView::Base:0x0000000001e348>):
     7:   <%= csrf_meta_tags %>
     8:   <%= csp_meta_tag %>
     9:   <%= stylesheet_link_tag 'application', media: 'all' %>
    10:   <%= javascript_pack_tag 'application' %>
    11: </head>
    12: <body>
    13:   <%= yield %>
  
app/views/layouts/application.html.erb:10
Started GET "/" for 127.0.0.1 at 2024-10-09 19:50:05 +0200
Processing by HomeController#index as HTML
  Rendering layout layouts/application.html.erb
  Rendering home/index.html.erb within layouts/application
  Rendered home/index.html.erb within layouts/application (Duration: 0.6ms | Allocations: 104)
  Rendered layout layouts/application.html.erb (Duration: 1.7ms | Allocations: 464)
Completed 200 OK in 18ms (Views: 16.4ms | ActiveRecord: 0.0ms | Allocations: 1310)


Started GET "/stylesheets/application.css" for 127.0.0.1 at 2024-10-09 19:50:05 +0200
  
ActionController::RoutingError (No route matches [GET] "/stylesheets/application.css"):
  
  [1m[36mActiveRecord::InternalMetadata Load (0.1ms)[0m  [1m[34mSELECT * FROM "ar_internal_metadata" WHERE "ar_internal_metadata"."key" = ? ORDER BY "ar_internal_metadata"."key" ASC LIMIT 1[0m  [[nil, "environment"]]
  [1m[36mActiveRecord::SchemaMigration Load (0.1ms)[0m  [1m[34mSELECT "schema_migrations"."version" FROM "schema_migrations" ORDER BY "schema_migrations"."version" ASC[0m
Migrating to AddUserIdToDevices (20241009211904)
  [1m[36mTRANSACTION (0.0ms)[0m  [1m[36mbegin transaction[0m
  [1m[35m (4.1ms)[0m  [1m[35mALTER TABLE "devices" ADD "user_id" integer[0m
  [1m[36mActiveRecord::SchemaMigration Create (0.1ms)[0m  [1m[32mINSERT INTO "schema_migrations" ("version") VALUES ('20241009211904') RETURNING "version"[0m
  [1m[36mTRANSACTION (1.6ms)[0m  [1m[36mcommit transaction[0m
  [1m[36mActiveRecord::SchemaMigration Load (0.0ms)[0m  [1m[34mSELECT "schema_migrations"."version" FROM "schema_migrations" ORDER BY "schema_migrations"."version" ASC[0m
Started GET "/" for 127.0.0.1 at 2024-10-09 23:23:09 +0200
  [1m[36mActiveRecord::SchemaMigration Load (0.1ms)[0m  [1m[34mSELECT "schema_migrations"."version" FROM "schema_migrations" ORDER BY "schema_migrations"."version" ASC[0m
Processing by HomeController#index as HTML
  Rendering layout layouts/application.html.erb
  Rendering home/index.html.erb within layouts/application
  Rendered home/index.html.erb within layouts/application (Duration: 0.6ms | Allocations: 195)
  Rendered layout layouts/application.html.erb (Duration: 1.8ms | Allocations: 678)
Completed 200 OK in 45ms (Views: 20.4ms | ActiveRecord: 0.0ms | Allocations: 5566)


Started GET "/stylesheets/application.css" for 127.0.0.1 at 2024-10-09 23:23:10 +0200
  
ActionController::RoutingError (No route matches [GET] "/stylesheets/application.css"):
  
Started GET "/devices" for 127.0.0.1 at 2024-10-09 23:23:14 +0200
Processing by DevicesController#index as HTML
  Rendering layout layouts/application.html.erb
  Rendering devices/index.html.erb within layouts/application
  Rendered devices/index.html.erb within layouts/application (Duration: 2.3ms | Allocations: 975)
  Rendered layout layouts/application.html.erb (Duration: 2.7ms | Allocations: 1060)
Completed 500 Internal Server Error in 6ms (ActiveRecord: 0.0ms | Allocations: 1473)


  
ActionView::Template::Error (undefined method `each' for nil:NilClass):
    4:   <div>
    5:     <label for="user_id">Select User:</label>
    6:     <select name="user_id" id="user_id">
    7:       <% @users.each do |user| %>
    8:         <option value="<%= user.id %>"><%= user.email %></option>
    9:       <% end %>
   10:     </select>
  
app/views/devices/index.html.erb:7
app/views/devices/index.html.erb:3
Started GET "/devices" for 127.0.0.1 at 2024-10-09 23:25:13 +0200
Processing by DevicesController#index as HTML
  Rendering layout layouts/application.html.erb
  Rendering devices/index.html.erb within layouts/application
  [1m[36mUser Load (0.1ms)[0m  [1m[34mSELECT "users".* FROM "users"[0m
  ↳ app/views/devices/index.html.erb:7
  [1m[36mDevice Load (0.1ms)[0m  [1m[34mSELECT "devices".* FROM "devices" WHERE "devices"."user_id" IS NULL[0m
  ↳ app/views/devices/index.html.erb:16
  Rendered devices/index.html.erb within layouts/application (Duration: 2.6ms | Allocations: 1483)
  Rendered layout layouts/application.html.erb (Duration: 3.5ms | Allocations: 1837)
Completed 200 OK in 93ms (Views: 7.5ms | ActiveRecord: 2.7ms | Allocations: 18307)


Started GET "/stylesheets/application.css" for 127.0.0.1 at 2024-10-09 23:25:13 +0200
  
ActionController::RoutingError (No route matches [GET] "/stylesheets/application.css"):
  
  [1m[36mActiveRecord::SchemaMigration Load (0.1ms)[0m  [1m[34mSELECT "schema_migrations"."version" FROM "schema_migrations" ORDER BY "schema_migrations"."version" ASC[0m
  [1m[36mTRANSACTION (0.1ms)[0m  [1m[36mbegin transaction[0m
  [1m[36mUser Create (0.9ms)[0m  [1m[32mINSERT INTO "users" ("email", "password_digest", "created_at", "updated_at") VALUES (?, ?, ?, ?) RETURNING "id"[0m  [["email", "john.doe@example.com"], ["password_digest", "[FILTERED]"], ["created_at", "2024-10-09 21:26:39.221016"], ["updated_at", "2024-10-09 21:26:39.221016"]]
  [1m[36mTRANSACTION (2.0ms)[0m  [1m[36mcommit transaction[0m
  [1m[36mTRANSACTION (0.1ms)[0m  [1m[36mbegin transaction[0m
  [1m[36mUser Create (0.9ms)[0m  [1m[32mINSERT INTO "users" ("email", "password_digest", "created_at", "updated_at") VALUES (?, ?, ?, ?) RETURNING "id"[0m  [["email", "jane.smith@example.com"], ["password_digest", "[FILTERED]"], ["created_at", "2024-10-09 21:26:39.387412"], ["updated_at", "2024-10-09 21:26:39.387412"]]
  [1m[36mTRANSACTION (0.1ms)[0m  [1m[36mcommit transaction[0m
  [1m[36mTRANSACTION (0.1ms)[0m  [1m[36mbegin transaction[0m
  [1m[36mUser Create (1.0ms)[0m  [1m[32mINSERT INTO "users" ("email", "password_digest", "created_at", "updated_at") VALUES (?, ?, ?, ?) RETURNING "id"[0m  [["email", "alice.jones@example.com"], ["password_digest", "[FILTERED]"], ["created_at", "2024-10-09 21:26:39.549610"], ["updated_at", "2024-10-09 21:26:39.549610"]]
  [1m[36mTRANSACTION (0.1ms)[0m  [1m[36mcommit transaction[0m
  [1m[36mTRANSACTION (0.0ms)[0m  [1m[36mbegin transaction[0m
  [1m[36mDevice Create (0.6ms)[0m  [1m[32mINSERT INTO "devices" ("serial_number", "created_at", "updated_at", "user_id") VALUES (?, ?, ?, ?) RETURNING "id"[0m  [["serial_number", "ABC123"], ["created_at", "2024-10-09 21:26:39.564037"], ["updated_at", "2024-10-09 21:26:39.564037"], ["user_id", nil]]
  [1m[36mTRANSACTION (0.0ms)[0m  [1m[36mcommit transaction[0m
  [1m[36mTRANSACTION (0.0ms)[0m  [1m[36mbegin transaction[0m
  [1m[36mDevice Create (0.6ms)[0m  [1m[32mINSERT INTO "devices" ("serial_number", "created_at", "updated_at", "user_id") VALUES (?, ?, ?, ?) RETURNING "id"[0m  [["serial_number", "XYZ456"], ["created_at", "2024-10-09 21:26:39.566255"], ["updated_at", "2024-10-09 21:26:39.566255"], ["user_id", nil]]
  [1m[36mTRANSACTION (0.0ms)[0m  [1m[36mcommit transaction[0m
  [1m[36mTRANSACTION (0.0ms)[0m  [1m[36mbegin transaction[0m
  [1m[36mDevice Create (0.7ms)[0m  [1m[32mINSERT INTO "devices" ("serial_number", "created_at", "updated_at", "user_id") VALUES (?, ?, ?, ?) RETURNING "id"[0m  [["serial_number", "LMN789"], ["created_at", "2024-10-09 21:26:39.568364"], ["updated_at", "2024-10-09 21:26:39.568364"], ["user_id", nil]]
  [1m[36mTRANSACTION (0.0ms)[0m  [1m[36mcommit transaction[0m
Started GET "/devices" for 127.0.0.1 at 2024-10-09 23:26:53 +0200
  [1m[36mActiveRecord::SchemaMigration Load (0.1ms)[0m  [1m[34mSELECT "schema_migrations"."version" FROM "schema_migrations" ORDER BY "schema_migrations"."version" ASC[0m
Processing by DevicesController#index as HTML
  Rendering layout layouts/application.html.erb
  Rendering devices/index.html.erb within layouts/application
  Rendered devices/index.html.erb within layouts/application (Duration: 2.3ms | Allocations: 936)
  Rendered layout layouts/application.html.erb (Duration: 2.8ms | Allocations: 1056)
Completed 500 Internal Server Error in 86ms (ActiveRecord: 2.5ms | Allocations: 16382)


  
ActionView::Template::Error (undefined local variable or method `devices_assign_path' for #<ActionView::Base:0x00000000008b38>):
    1: <h1>Assign Device to User</h1>
    2: 
    3: <%= form_with url: devices_assign_path, method: :post do |f| %>
    4:   <div>
    5:     <label for="user_id">Select User:</label>
    6:     <select name="user_id" id="user_id">
  
app/views/devices/index.html.erb:3
Started GET "/devices" for 127.0.0.1 at 2024-10-09 23:27:06 +0200
Processing by DevicesController#index as HTML
  Rendering layout layouts/application.html.erb
  Rendering devices/index.html.erb within layouts/application
  [1m[36mUser Load (0.2ms)[0m  [1m[34mSELECT "users".* FROM "users"[0m
  ↳ app/views/devices/index.html.erb:7
  [1m[36mDevice Load (0.1ms)[0m  [1m[34mSELECT "devices".* FROM "devices" WHERE "devices"."user_id" IS NULL[0m
  ↳ app/views/devices/index.html.erb:16
  Rendered devices/index.html.erb within layouts/application (Duration: 28.0ms | Allocations: 13612)
  Rendered layout layouts/application.html.erb (Duration: 29.3ms | Allocations: 14006)
Completed 200 OK in 44ms (Views: 33.0ms | ActiveRecord: 3.1ms | Allocations: 17775)


Started GET "/stylesheets/application.css" for 127.0.0.1 at 2024-10-09 23:27:06 +0200
  
ActionController::RoutingError (No route matches [GET] "/stylesheets/application.css"):
  
Started POST "/api/assign" for 127.0.0.1 at 2024-10-09 23:27:10 +0200
Processing by DevicesController#assign as HTML
  Parameters: {"user_id"=>"1", "device_id"=>"2", "commit"=>"Assign Device"}
  [1m[36mApiKey Load (0.1ms)[0m  [1m[34mSELECT "api_keys".* FROM "api_keys" WHERE "api_keys"."token" IS NULL LIMIT ?[0m  [["LIMIT", 1]]
  ↳ app/controllers/application_controller.rb:3:in `authenticate_user!'
Filter chain halted as :authenticate_user! rendered or redirected
Completed 401 Unauthorized in 7ms (ActiveRecord: 0.2ms | Allocations: 1945)


